{
  "uid" : "3cc1121721da299d",
  "name" : "找工作测试用例06",
  "fullName" : "scr.testcase.test_findwork.TestFindWork#test_findwork_06",
  "historyId" : "e7eb426d85c93033acddf9636f630313",
  "time" : {
    "start" : 1634978776466,
    "stop" : 1634978806484,
    "duration" : 30018
  },
  "description" : "发布招工",
  "descriptionHtml" : "<p>发布招工</p>\n",
  "status" : "failed",
  "statusMessage" : "AssertionError: assert '我发布的招工' == '完善信息'\n  - 完善信息\n  + 我发布的招工",
  "statusTrace" : "self = <scr.testcase.test_findwork.TestFindWork object at 0x00000234261E6460>\n\n    @allure.story(\"找工作模块测试\")\n    @allure.title(\"找工作测试用例06\")\n    @allure.severity(allure.severity_level.CRITICAL)\n    @allure.description(\"发布招工\")\n    @allure.step('''1.点击发布招工\n                    2.输入发布内容\n                    3.点击确认发布，跳转完善信息页面\n                    4.点击确认发布，发布成功''')\n    def test_findwork_06(self):\n        lp = scr.page.login_page.LoginPage(self.driver)\n        lp.login_step()\n        wk = scr.page.findwork_page.FindWorkPage(self.driver)\n        value = wk.recruitment_information()\n>       assert '我发布的招工' == value\nE       AssertionError: assert '我发布的招工' == '完善信息'\nE         - 完善信息\nE         + 我发布的招工\n\nscr\\testcase\\test_findwork.py:91: AssertionError",
  "flaky" : false,
  "newFailed" : false,
  "beforeStages" : [ {
    "name" : "LoggerGet",
    "time" : {
      "start" : 1634978620750,
      "stop" : 1634978620750,
      "duration" : 0
    },
    "status" : "passed",
    "steps" : [ ],
    "attachments" : [ ],
    "parameters" : [ ],
    "attachmentsCount" : 0,
    "shouldDisplayMessage" : false,
    "stepsCount" : 0,
    "hasContent" : false
  }, {
    "name" : "driver_init",
    "time" : {
      "start" : 1634978775408,
      "stop" : 1634978776465,
      "duration" : 1057
    },
    "status" : "passed",
    "steps" : [ ],
    "attachments" : [ ],
    "parameters" : [ ],
    "attachmentsCount" : 0,
    "shouldDisplayMessage" : false,
    "stepsCount" : 0,
    "hasContent" : false
  } ],
  "testStage" : {
    "description" : "发布招工",
    "status" : "failed",
    "statusMessage" : "AssertionError: assert '我发布的招工' == '完善信息'\n  - 完善信息\n  + 我发布的招工",
    "statusTrace" : "self = <scr.testcase.test_findwork.TestFindWork object at 0x00000234261E6460>\n\n    @allure.story(\"找工作模块测试\")\n    @allure.title(\"找工作测试用例06\")\n    @allure.severity(allure.severity_level.CRITICAL)\n    @allure.description(\"发布招工\")\n    @allure.step('''1.点击发布招工\n                    2.输入发布内容\n                    3.点击确认发布，跳转完善信息页面\n                    4.点击确认发布，发布成功''')\n    def test_findwork_06(self):\n        lp = scr.page.login_page.LoginPage(self.driver)\n        lp.login_step()\n        wk = scr.page.findwork_page.FindWorkPage(self.driver)\n        value = wk.recruitment_information()\n>       assert '我发布的招工' == value\nE       AssertionError: assert '我发布的招工' == '完善信息'\nE         - 完善信息\nE         + 我发布的招工\n\nscr\\testcase\\test_findwork.py:91: AssertionError",
    "steps" : [ {
      "name" : "1.点击发布招工\n                    2.输入发布内容\n                    3.点击确认发布，跳转完善信息页面\n                    4.点击确认发布，发布成功",
      "time" : {
        "start" : 1634978776466,
        "stop" : 1634978806484,
        "duration" : 30018
      },
      "status" : "failed",
      "statusMessage" : "AssertionError: assert '我发布的招工' == '完善信息'\n  - 完善信息\n  + 我发布的招工\n",
      "statusTrace" : "  File \"F:\\PytestUI_wapjgj\\venv\\lib\\site-packages\\allure_commons\\_allure.py\", line 172, in impl\n    return func(*a, **kw)\n  File \"F:\\PytestUI_wapjgj\\scr\\testcase\\test_findwork.py\", line 91, in test_findwork_06\n    assert '我发布的招工' == value\n",
      "steps" : [ ],
      "attachments" : [ ],
      "parameters" : [ ],
      "attachmentsCount" : 0,
      "shouldDisplayMessage" : true,
      "stepsCount" : 0,
      "hasContent" : true
    } ],
    "attachments" : [ ],
    "parameters" : [ ],
    "attachmentsCount" : 0,
    "shouldDisplayMessage" : true,
    "stepsCount" : 1,
    "hasContent" : true
  },
  "afterStages" : [ {
    "name" : "driver_init::0",
    "time" : {
      "start" : 1634978806487,
      "stop" : 1634978808632,
      "duration" : 2145
    },
    "status" : "passed",
    "steps" : [ ],
    "attachments" : [ ],
    "parameters" : [ ],
    "attachmentsCount" : 0,
    "shouldDisplayMessage" : false,
    "stepsCount" : 0,
    "hasContent" : false
  } ],
  "labels" : [ {
    "name" : "severity",
    "value" : "critical"
  }, {
    "name" : "story",
    "value" : "找工作模块测试"
  }, {
    "name" : "feature",
    "value" : "找工作模块"
  }, {
    "name" : "parentSuite",
    "value" : "scr.testcase"
  }, {
    "name" : "suite",
    "value" : "test_findwork"
  }, {
    "name" : "subSuite",
    "value" : "TestFindWork"
  }, {
    "name" : "host",
    "value" : "DESKTOP-HT2VT3A"
  }, {
    "name" : "thread",
    "value" : "5576-MainThread"
  }, {
    "name" : "framework",
    "value" : "pytest"
  }, {
    "name" : "language",
    "value" : "cpython3"
  }, {
    "name" : "package",
    "value" : "scr.testcase.test_findwork"
  }, {
    "name" : "resultFormat",
    "value" : "allure2"
  } ],
  "parameters" : [ ],
  "links" : [ ],
  "hidden" : false,
  "retry" : false,
  "extra" : {
    "severity" : "critical",
    "retries" : [ {
      "uid" : "7a8a0b0a163e4f0f",
      "status" : "failed",
      "statusDetails" : "AssertionError: assert '我发布的招工' == '完善信息'\n  - 完善信息\n  + 我发布的招工",
      "time" : {
        "start" : 1634978743835,
        "stop" : 1634978773276,
        "duration" : 29441
      }
    }, {
      "uid" : "87072ad9c7cad9f3",
      "status" : "failed",
      "statusDetails" : "AssertionError: assert '我发布的招工' == '完善信息'\n  - 完善信息\n  + 我发布的招工",
      "time" : {
        "start" : 1634978711055,
        "stop" : 1634978740524,
        "duration" : 29469
      }
    } ],
    "categories" : [ {
      "name" : "Product defects",
      "matchedStatuses" : [ ],
      "flaky" : false
    } ],
    "tags" : [ ]
  },
  "source" : "3cc1121721da299d.json",
  "parameterValues" : [ ]
}